0 silly argv { _: [ 'add' ],
0 silly argv   scope: '@convector-sample/server-graphql',
0 silly argv   globs: [],
0 silly argv   lernaVersion: '3.13.1',
0 silly argv   '$0': 'node_modules/.bin/lerna',
0 silly argv   pkg: '../@koakh/nestjs-auth-quick-config' }
1 notice cli v3.13.1
2 verbose rootPath /media/mario/Storage/Development/BlockChain/Convector/NodeNestJsHyperLedgerConvectorRestStarter
3 info filter [ '@convector-sample/server-graphql' ]
4 error TypeError: Invalid comparator: /media/mario/Storage/Development/BlockChain/Convector/@koakh/nestjs-auth-quick-config
4 error     at Comparator.parse (/media/mario/Storage/Development/BlockChain/Convector/NodeNestJsHyperLedgerConvectorRestStarter/node_modules/semver/semver.js:754:11)
4 error     at new Comparator (/media/mario/Storage/Development/BlockChain/Convector/NodeNestJsHyperLedgerConvectorRestStarter/node_modules/semver/semver.js:737:8)
4 error     at Range.<anonymous> (/media/mario/Storage/Development/BlockChain/Convector/NodeNestJsHyperLedgerConvectorRestStarter/node_modules/semver/semver.js:925:12)
4 error     at Array.map (<anonymous>)
4 error     at Range.parseRange (/media/mario/Storage/Development/BlockChain/Convector/NodeNestJsHyperLedgerConvectorRestStarter/node_modules/semver/semver.js:924:13)
4 error     at Range.<anonymous> (/media/mario/Storage/Development/BlockChain/Convector/NodeNestJsHyperLedgerConvectorRestStarter/node_modules/semver/semver.js:867:17)
4 error     at Array.map (<anonymous>)
4 error     at new Range (/media/mario/Storage/Development/BlockChain/Convector/NodeNestJsHyperLedgerConvectorRestStarter/node_modules/semver/semver.js:866:40)
4 error     at Function.intersects (/media/mario/Storage/Development/BlockChain/Convector/NodeNestJsHyperLedgerConvectorRestStarter/node_modules/semver/semver.js:1459:8)
4 error     at getRangeToReference (/media/mario/Storage/Development/BlockChain/Convector/NodeNestJsHyperLedgerConvectorRestStarter/node_modules/@lerna/add/lib/get-range-to-reference.js:18:35)
4 error     at result.filter.pkg (/media/mario/Storage/Development/BlockChain/Convector/NodeNestJsHyperLedgerConvectorRestStarter/node_modules/@lerna/add/index.js:135:14)
4 error     at Array.filter (<anonymous>)
4 error     at AddCommand.collectPackagesToChange (/media/mario/Storage/Development/BlockChain/Convector/NodeNestJsHyperLedgerConvectorRestStarter/node_modules/@lerna/add/index.js:127:21)
4 error     at chain.then (/media/mario/Storage/Development/BlockChain/Convector/NodeNestJsHyperLedgerConvectorRestStarter/node_modules/@lerna/add/index.js:69:35)
